<?xml version="1.0" encoding="UTF-8"?>
<!-- Generated by org.testng.reporters.JUnitXMLReporter -->
<testsuite ignored="4" hostname="DESKTOP-RVE60IM" failures="1" tests="3" name="Test" time="3.562" errors="0" timestamp="2025-09-30T11:07:52 IST">
  <testcase classname="base.TestNGBase" name="@AfterMethod driverQuit" time="0.01">
    <failure type="java.lang.NullPointerException" message="Cannot invoke &amp;quot;org.openqa.selenium.TakesScreenshot.getScreenshotAs(org.openqa.selenium.OutputType)&amp;quot; because &amp;quot;scrShot&amp;quot; is null">
      <![CDATA[java.lang.NullPointerException: Cannot invoke "org.openqa.selenium.TakesScreenshot.getScreenshotAs(org.openqa.selenium.OutputType)" because "scrShot" is null
at utilities.ScreenshotUtility.getScreenshot(ScreenshotUtility.java:20)
at base.TestNGBase.driverQuit(TestNGBase.java:47)
at java.base/java.util.ArrayList.forEach(ArrayList.java:1596)
... Removed 30 stack frames]]>
    </failure>
  </testcase> <!-- @AfterMethod driverQuit -->
  <testcase classname="testscript.LoginTest" name="verifyvalidusernamevalidpassword" time="2.564">
    <skipped/>
  </testcase> <!-- verifyvalidusernamevalidpassword -->
  <testcase classname="testscript.LoginTest" name="verifyvalidusernamevalidpassword" time="0.342">
    <skipped/>
  </testcase> <!-- verifyvalidusernamevalidpassword -->
  <testcase classname="testscript.LoginTest" name="verifyvalidusernamevalidpassword" time="0.279">
    <failure type="java.lang.NullPointerException" message="Cannot invoke &amp;quot;org.openqa.selenium.SearchContext.findElement(org.openqa.selenium.By)&amp;quot; because &amp;quot;this.searchContext&amp;quot; is null">
      <![CDATA[java.lang.NullPointerException: Cannot invoke "org.openqa.selenium.SearchContext.findElement(org.openqa.selenium.By)" because "this.searchContext" is null
at org.openqa.selenium.support.pagefactory.DefaultElementLocator.findElement(DefaultElementLocator.java:68)
at org.openqa.selenium.support.pagefactory.internal.LocatingElementHandler.invoke(LocatingElementHandler.java:38)
at jdk.proxy2/jdk.proxy2.$Proxy12.sendKeys(Unknown Source)
at utilities.PageUtility.sendDataToElement(PageUtility.java:21)
at pages.LoginPage.enterusername(LoginPage.java:24)
at testscript.LoginTest.verifyvalidusernamevalidpassword(LoginTest.java:30)
at java.base/java.util.ArrayList.forEach(ArrayList.java:1596)
... Removed 25 stack frames]]>
    </failure>
  </testcase> <!-- verifyvalidusernamevalidpassword -->
  <testcase classname="testscript.HomeTest" name="verifyLogout" time="0.0">
    <ignored/>
  </testcase> <!-- verifyLogout -->
  <testcase classname="testscript.LoginTest" name="verifyvalidusernameinvalidpassword" time="0.0">
    <ignored/>
  </testcase> <!-- verifyvalidusernameinvalidpassword -->
  <testcase classname="testscript.LoginTest" name="verifyinvalidusernameinvalidpassword" time="0.0">
    <ignored/>
  </testcase> <!-- verifyinvalidusernameinvalidpassword -->
  <testcase classname="testscript.LoginTest" name="verifyinvalidusernamevalidpassword" time="0.0">
    <ignored/>
  </testcase> <!-- verifyinvalidusernamevalidpassword -->
</testsuite> <!-- Test -->
