<?xml version="1.0" encoding="UTF-8"?>
<testng-results retried="4" ignored="4" total="20" passed="7" failed="5" skipped="0">
  <reporter-output>
  </reporter-output>
  <suite started-at="2025-10-03T11:27:06 IST" name="parallel" finished-at="2025-10-03T11:30:43 IST" duration-ms="217142">
    <groups>
      <group name="smoke">
        <method signature="LoginTest.verifyvalidusernamevalidpassword()[pri:1, instance:testscript.LoginTest@1e4f4a5c]" name="verifyvalidusernamevalidpassword" class="testscript.LoginTest"/>
        <method signature="LoginTest.verifyvalidusernamevalidpassword()[pri:1, instance:testscript.LoginTest@72d6b3ba]" name="verifyvalidusernamevalidpassword" class="testscript.LoginTest"/>
      </group> <!-- smoke -->
    </groups>
    <test started-at="2025-10-03T11:27:06 IST" name="ChromeTest" finished-at="2025-10-03T11:28:05 IST" duration-ms="58363">
      <class name="testscript.LoginTest">
        <test-method is-config="true" signature="browserInitialization(java.lang.String)[pri:0, instance:testscript.LoginTest@1e4f4a5c]" started-at="2025-10-03T11:27:06 IST" name="browserInitialization" finished-at="2025-10-03T11:27:33 IST" duration-ms="26154" status="PASS">
          <params>
            <param index="0">
              <value>
                <![CDATA[chrome]]>
              </value>
            </param>
          </params>
          <reporter-output>
          </reporter-output>
        </test-method> <!-- browserInitialization -->
        <test-method is-config="true" signature="browserInitialization(java.lang.String)[pri:0, instance:testscript.LoginTest@1e4f4a5c]" started-at="2025-10-03T11:27:06 IST" name="browserInitialization" finished-at="2025-10-03T11:27:33 IST" duration-ms="26225" status="PASS">
          <params>
            <param index="0">
              <value>
                <![CDATA[chrome]]>
              </value>
            </param>
          </params>
          <reporter-output>
          </reporter-output>
        </test-method> <!-- browserInitialization -->
        <test-method is-config="true" signature="browserInitialization(java.lang.String)[pri:0, instance:testscript.LoginTest@1e4f4a5c]" started-at="2025-10-03T11:27:06 IST" name="browserInitialization" finished-at="2025-10-03T11:27:33 IST" duration-ms="26324" status="PASS">
          <params>
            <param index="0">
              <value>
                <![CDATA[chrome]]>
              </value>
            </param>
          </params>
          <reporter-output>
          </reporter-output>
        </test-method> <!-- browserInitialization -->
        <test-method is-config="true" signature="browserInitialization(java.lang.String)[pri:0, instance:testscript.LoginTest@1e4f4a5c]" started-at="2025-10-03T11:27:06 IST" name="browserInitialization" finished-at="2025-10-03T11:27:33 IST" duration-ms="26147" status="PASS">
          <params>
            <param index="0">
              <value>
                <![CDATA[chrome]]>
              </value>
            </param>
          </params>
          <reporter-output>
          </reporter-output>
        </test-method> <!-- browserInitialization -->
        <test-method retried="true" signature="verifyvalidusernamevalidpassword()[pri:1, instance:testscript.LoginTest@1e4f4a5c]" started-at="2025-10-03T11:27:33 IST" name="verifyvalidusernamevalidpassword" description="verify login with valid credentials" finished-at="2025-10-03T11:27:34 IST" duration-ms="952" status="SKIP">
          <exception class="java.io.IOException">
            <message>
              <![CDATA[Stream Closed]]>
            </message>
            <full-stacktrace>
              <![CDATA[java.io.IOException: Stream Closed
at java.base/java.io.FileInputStream.available0(Native Method)
at java.base/java.io.FileInputStream.available(FileInputStream.java:473)
at java.base/java.io.BufferedInputStream.implRead(BufferedInputStream.java:428)
at java.base/java.io.BufferedInputStream.read(BufferedInputStream.java:399)
at java.base/java.io.FilterInputStream.read(FilterInputStream.java:119)
at java.base/java.io.PushbackInputStream.read(PushbackInputStream.java:197)
at org.apache.commons.compress.archivers.zip.ZipArchiveInputStream.realSkip(ZipArchiveInputStream.java:1324)
at org.apache.commons.compress.archivers.zip.ZipArchiveInputStream.isApkSigningBlock(ZipArchiveInputStream.java:929)
at org.apache.commons.compress.archivers.zip.ZipArchiveInputStream.getNextZipEntry(ZipArchiveInputStream.java:765)
at org.apache.poi.openxml4j.util.ZipArchiveThresholdInputStream.getNextEntry(ZipArchiveThresholdInputStream.java:150)
at org.apache.poi.openxml4j.util.ZipInputStreamZipEntrySource.<init>(ZipInputStreamZipEntrySource.java:94)
at org.apache.poi.openxml4j.opc.ZipPackage.<init>(ZipPackage.java:157)
at org.apache.poi.openxml4j.opc.OPCPackage.open(OPCPackage.java:351)
at org.apache.poi.ooxml.util.PackageHelper.open(PackageHelper.java:64)
at org.apache.poi.xssf.usermodel.XSSFWorkbook.<init>(XSSFWorkbook.java:313)
at org.apache.poi.xssf.usermodel.XSSFWorkbook.<init>(XSSFWorkbook.java:287)
at utilities.ExcelUtility.getStringData(ExcelUtility.java:26)
at testscript.LoginTest.verifyvalidusernamevalidpassword(LoginTest.java:25)
at java.base/jdk.internal.reflect.DirectMethodHandleAccessor.invoke(DirectMethodHandleAccessor.java:103)
at java.base/java.lang.reflect.Method.invoke(Method.java:580)
at org.testng.internal.invokers.MethodInvocationHelper.invokeMethod(MethodInvocationHelper.java:141)
at org.testng.internal.invokers.TestInvoker.invokeMethod(TestInvoker.java:686)
at org.testng.internal.invokers.TestInvoker.invokeTestMethod(TestInvoker.java:230)
at org.testng.internal.invokers.MethodRunner.runInSequence(MethodRunner.java:63)
at org.testng.internal.invokers.TestInvoker$MethodInvocationAgent.invoke(TestInvoker.java:992)
at org.testng.internal.invokers.TestInvoker.invokeTestMethods(TestInvoker.java:203)
at org.testng.internal.invokers.TestMethodWorker.invokeTestMethods(TestMethodWorker.java:154)
at org.testng.internal.invokers.TestMethodWorker.run(TestMethodWorker.java:134)
at java.base/java.util.concurrent.Executors$RunnableAdapter.call(Executors.java:572)
at java.base/java.util.concurrent.FutureTask.run(FutureTask.java:317)
at org.testng.internal.thread.graph.TestNGFutureTask.run(TestNGFutureTask.java:22)
at java.base/java.util.concurrent.ThreadPoolExecutor.runWorker(ThreadPoolExecutor.java:1144)
at java.base/java.util.concurrent.ThreadPoolExecutor$Worker.run(ThreadPoolExecutor.java:642)
at java.base/java.lang.Thread.run(Thread.java:1583)
]]>
            </full-stacktrace>
          </exception> <!-- java.io.IOException -->
          <reporter-output>
          </reporter-output>
        </test-method> <!-- verifyvalidusernamevalidpassword -->
        <test-method signature="verifyvalidusernameinvalidpassword()[pri:2, instance:testscript.LoginTest@1e4f4a5c]" started-at="2025-10-03T11:27:33 IST" name="verifyvalidusernameinvalidpassword" description="verify login with validusername and invalidpw" finished-at="2025-10-03T11:27:34 IST" duration-ms="1176" status="FAIL">
          <exception class="java.io.IOException">
            <message>
              <![CDATA[Stream Closed]]>
            </message>
            <full-stacktrace>
              <![CDATA[java.io.IOException: Stream Closed
at java.base/java.io.FileInputStream.available0(Native Method)
at java.base/java.io.FileInputStream.available(FileInputStream.java:473)
at java.base/java.io.BufferedInputStream.implRead(BufferedInputStream.java:428)
at java.base/java.io.BufferedInputStream.read(BufferedInputStream.java:399)
at java.base/java.io.FilterInputStream.read(FilterInputStream.java:119)
at java.base/java.io.PushbackInputStream.read(PushbackInputStream.java:197)
at org.apache.commons.compress.archivers.zip.ZipArchiveInputStream.realSkip(ZipArchiveInputStream.java:1324)
at org.apache.commons.compress.archivers.zip.ZipArchiveInputStream.skipRemainderOfArchive(ZipArchiveInputStream.java:1376)
at org.apache.commons.compress.archivers.zip.ZipArchiveInputStream.getNextZipEntry(ZipArchiveInputStream.java:767)
at org.apache.poi.openxml4j.util.ZipArchiveThresholdInputStream.getNextEntry(ZipArchiveThresholdInputStream.java:150)
at org.apache.poi.openxml4j.util.ZipInputStreamZipEntrySource.<init>(ZipInputStreamZipEntrySource.java:94)
at org.apache.poi.openxml4j.opc.ZipPackage.<init>(ZipPackage.java:157)
at org.apache.poi.openxml4j.opc.OPCPackage.open(OPCPackage.java:351)
at org.apache.poi.ooxml.util.PackageHelper.open(PackageHelper.java:64)
at org.apache.poi.xssf.usermodel.XSSFWorkbook.<init>(XSSFWorkbook.java:313)
at org.apache.poi.xssf.usermodel.XSSFWorkbook.<init>(XSSFWorkbook.java:287)
at utilities.ExcelUtility.getStringData(ExcelUtility.java:26)
at testscript.LoginTest.verifyvalidusernameinvalidpassword(LoginTest.java:40)
at java.base/jdk.internal.reflect.DirectMethodHandleAccessor.invoke(DirectMethodHandleAccessor.java:103)
at java.base/java.lang.reflect.Method.invoke(Method.java:580)
at org.testng.internal.invokers.MethodInvocationHelper.invokeMethod(MethodInvocationHelper.java:141)
at org.testng.internal.invokers.TestInvoker.invokeMethod(TestInvoker.java:686)
at org.testng.internal.invokers.TestInvoker.invokeTestMethod(TestInvoker.java:230)
at org.testng.internal.invokers.MethodRunner.runInSequence(MethodRunner.java:63)
at org.testng.internal.invokers.TestInvoker$MethodInvocationAgent.invoke(TestInvoker.java:992)
at org.testng.internal.invokers.TestInvoker.invokeTestMethods(TestInvoker.java:203)
at org.testng.internal.invokers.TestMethodWorker.invokeTestMethods(TestMethodWorker.java:154)
at org.testng.internal.invokers.TestMethodWorker.run(TestMethodWorker.java:134)
at java.base/java.util.concurrent.Executors$RunnableAdapter.call(Executors.java:572)
at java.base/java.util.concurrent.FutureTask.run(FutureTask.java:317)
at org.testng.internal.thread.graph.TestNGFutureTask.run(TestNGFutureTask.java:22)
at java.base/java.util.concurrent.ThreadPoolExecutor.runWorker(ThreadPoolExecutor.java:1144)
at java.base/java.util.concurrent.ThreadPoolExecutor$Worker.run(ThreadPoolExecutor.java:642)
at java.base/java.lang.Thread.run(Thread.java:1583)
]]>
            </full-stacktrace>
          </exception> <!-- java.io.IOException -->
          <reporter-output>
          </reporter-output>
        </test-method> <!-- verifyvalidusernameinvalidpassword -->
        <test-method signature="verifyinvalidusernamevalidpassword()[pri:3, instance:testscript.LoginTest@1e4f4a5c]" started-at="2025-10-03T11:27:33 IST" name="verifyinvalidusernamevalidpassword" description="verify login with invalid usename and valid pw" finished-at="2025-10-03T11:27:33 IST" duration-ms="761" status="FAIL">
          <exception class="org.apache.poi.EmptyFileException">
            <message>
              <![CDATA[The supplied file was empty (zero bytes long)]]>
            </message>
            <full-stacktrace>
              <![CDATA[org.apache.poi.EmptyFileException: The supplied file was empty (zero bytes long)
at org.apache.poi.util.IOUtils.peekFirstNBytes(IOUtils.java:149)
at org.apache.poi.poifs.filesystem.FileMagic.valueOf(FileMagic.java:209)
at org.apache.poi.openxml4j.opc.internal.ZipHelper.verifyZipHeader(ZipHelper.java:144)
at org.apache.poi.openxml4j.opc.internal.ZipHelper.openZipStream(ZipHelper.java:188)
at org.apache.poi.openxml4j.opc.ZipPackage.<init>(ZipPackage.java:156)
at org.apache.poi.openxml4j.opc.OPCPackage.open(OPCPackage.java:351)
at org.apache.poi.ooxml.util.PackageHelper.open(PackageHelper.java:64)
at org.apache.poi.xssf.usermodel.XSSFWorkbook.<init>(XSSFWorkbook.java:313)
at org.apache.poi.xssf.usermodel.XSSFWorkbook.<init>(XSSFWorkbook.java:287)
at utilities.ExcelUtility.getStringData(ExcelUtility.java:26)
at testscript.LoginTest.verifyinvalidusernamevalidpassword(LoginTest.java:54)
at java.base/jdk.internal.reflect.DirectMethodHandleAccessor.invoke(DirectMethodHandleAccessor.java:103)
at java.base/java.lang.reflect.Method.invoke(Method.java:580)
at org.testng.internal.invokers.MethodInvocationHelper.invokeMethod(MethodInvocationHelper.java:141)
at org.testng.internal.invokers.TestInvoker.invokeMethod(TestInvoker.java:686)
at org.testng.internal.invokers.TestInvoker.invokeTestMethod(TestInvoker.java:230)
at org.testng.internal.invokers.MethodRunner.runInSequence(MethodRunner.java:63)
at org.testng.internal.invokers.TestInvoker$MethodInvocationAgent.invoke(TestInvoker.java:992)
at org.testng.internal.invokers.TestInvoker.invokeTestMethods(TestInvoker.java:203)
at org.testng.internal.invokers.TestMethodWorker.invokeTestMethods(TestMethodWorker.java:154)
at org.testng.internal.invokers.TestMethodWorker.run(TestMethodWorker.java:134)
at java.base/java.util.concurrent.Executors$RunnableAdapter.call(Executors.java:572)
at java.base/java.util.concurrent.FutureTask.run(FutureTask.java:317)
at org.testng.internal.thread.graph.TestNGFutureTask.run(TestNGFutureTask.java:22)
at java.base/java.util.concurrent.ThreadPoolExecutor.runWorker(ThreadPoolExecutor.java:1144)
at java.base/java.util.concurrent.ThreadPoolExecutor$Worker.run(ThreadPoolExecutor.java:642)
at java.base/java.lang.Thread.run(Thread.java:1583)
]]>
            </full-stacktrace>
          </exception> <!-- org.apache.poi.EmptyFileException -->
          <reporter-output>
          </reporter-output>
        </test-method> <!-- verifyinvalidusernamevalidpassword -->
        <test-method signature="verifyinvalidusernameinvalidpassword(java.lang.String,java.lang.String)[pri:4, instance:testscript.LoginTest@1e4f4a5c]" started-at="2025-10-03T11:27:33 IST" name="verifyinvalidusernameinvalidpassword" description="verify login with invalid credentials" data-provider="loginProvider" finished-at="2025-10-03T11:27:38 IST" duration-ms="5049" status="PASS">
          <params>
            <param index="0">
              <value>
                <![CDATA[user]]>
              </value>
            </param>
            <param index="1">
              <value>
                <![CDATA[password]]>
              </value>
            </param>
          </params>
          <reporter-output>
          </reporter-output>
        </test-method> <!-- verifyinvalidusernameinvalidpassword -->
        <test-method is-config="true" signature="browserQuitClose()[pri:0, instance:testscript.LoginTest@1e4f4a5c]" started-at="2025-10-03T11:27:33 IST" name="browserQuitClose" finished-at="2025-10-03T11:27:34 IST" duration-ms="66" status="PASS">
          <reporter-output>
          </reporter-output>
        </test-method> <!-- browserQuitClose -->
        <test-method is-config="true" signature="driverQuit(org.testng.ITestResult)[pri:0, instance:testscript.LoginTest@1e4f4a5c]" started-at="2025-10-03T11:27:34 IST" name="driverQuit" finished-at="2025-10-03T11:27:35 IST" duration-ms="1815" status="PASS">
          <params>
            <param index="0">
              <value>
                <![CDATA[[TestResult name=verifyinvalidusernamevalidpassword status=FAILURE method=LoginTest.verifyinvalidusernamevalidpassword()[pri:3, instance:testscript.LoginTest@1e4f4a5c] output={null}]]]>
              </value>
            </param>
          </params>
          <reporter-output>
          </reporter-output>
        </test-method> <!-- driverQuit -->
        <test-method is-config="true" signature="browserQuitClose()[pri:0, instance:testscript.LoginTest@1e4f4a5c]" started-at="2025-10-03T11:27:34 IST" name="browserQuitClose" finished-at="2025-10-03T11:27:34 IST" duration-ms="2" status="PASS">
          <reporter-output>
          </reporter-output>
        </test-method> <!-- browserQuitClose -->
        <test-method is-config="true" signature="driverQuit(org.testng.ITestResult)[pri:0, instance:testscript.LoginTest@1e4f4a5c]" started-at="2025-10-03T11:27:34 IST" name="driverQuit" finished-at="2025-10-03T11:27:34 IST" duration-ms="3" status="PASS">
          <params>
            <param index="0">
              <value>
                <![CDATA[[TestResult name=verifyvalidusernamevalidpassword status=SKIP method=LoginTest.verifyvalidusernamevalidpassword()[pri:1, instance:testscript.LoginTest@1e4f4a5c] output={null}]]]>
              </value>
            </param>
          </params>
          <reporter-output>
          </reporter-output>
        </test-method> <!-- driverQuit -->
        <test-method is-config="true" signature="browserInitialization(java.lang.String)[pri:0, instance:testscript.LoginTest@1e4f4a5c]" started-at="2025-10-03T11:27:34 IST" name="browserInitialization" finished-at="2025-10-03T11:27:40 IST" duration-ms="6600" status="PASS">
          <params>
            <param index="0">
              <value>
                <![CDATA[chrome]]>
              </value>
            </param>
          </params>
          <reporter-output>
          </reporter-output>
        </test-method> <!-- browserInitialization -->
        <test-method is-config="true" signature="browserQuitClose()[pri:0, instance:testscript.LoginTest@1e4f4a5c]" started-at="2025-10-03T11:27:34 IST" name="browserQuitClose" finished-at="2025-10-03T11:27:34 IST" duration-ms="4" status="PASS">
          <reporter-output>
          </reporter-output>
        </test-method> <!-- browserQuitClose -->
        <test-method is-config="true" signature="driverQuit(org.testng.ITestResult)[pri:0, instance:testscript.LoginTest@1e4f4a5c]" started-at="2025-10-03T11:27:34 IST" name="driverQuit" finished-at="2025-10-03T11:27:36 IST" duration-ms="1717" status="PASS">
          <params>
            <param index="0">
              <value>
                <![CDATA[[TestResult name=verifyvalidusernameinvalidpassword status=FAILURE method=LoginTest.verifyvalidusernameinvalidpassword()[pri:2, instance:testscript.LoginTest@1e4f4a5c] output={null}]]]>
              </value>
            </param>
          </params>
          <reporter-output>
          </reporter-output>
        </test-method> <!-- driverQuit -->
        <test-method is-config="true" signature="browserQuitClose()[pri:0, instance:testscript.LoginTest@1e4f4a5c]" started-at="2025-10-03T11:27:38 IST" name="browserQuitClose" finished-at="2025-10-03T11:27:38 IST" duration-ms="1" status="PASS">
          <reporter-output>
          </reporter-output>
        </test-method> <!-- browserQuitClose -->
        <test-method is-config="true" signature="driverQuit(org.testng.ITestResult)[pri:0, instance:testscript.LoginTest@1e4f4a5c]" started-at="2025-10-03T11:27:38 IST" name="driverQuit" finished-at="2025-10-03T11:27:38 IST" duration-ms="1" status="PASS">
          <params>
            <param index="0">
              <value>
                <![CDATA[[TestResult name=verifyinvalidusernameinvalidpassword status=SUCCESS method=LoginTest.verifyinvalidusernameinvalidpassword(java.lang.String,java.lang.String)[pri:4, instance:testscript.LoginTest@1e4f4a5c] output={null}]]]>
              </value>
            </param>
          </params>
          <reporter-output>
          </reporter-output>
        </test-method> <!-- driverQuit -->
        <test-method is-config="true" signature="browserInitialization(java.lang.String)[pri:0, instance:testscript.LoginTest@1e4f4a5c]" started-at="2025-10-03T11:27:38 IST" name="browserInitialization" finished-at="2025-10-03T11:27:48 IST" duration-ms="9958" status="PASS">
          <params>
            <param index="0">
              <value>
                <![CDATA[chrome]]>
              </value>
            </param>
          </params>
          <reporter-output>
          </reporter-output>
        </test-method> <!-- browserInitialization -->
        <test-method retried="true" signature="verifyvalidusernamevalidpassword()[pri:1, instance:testscript.LoginTest@1e4f4a5c]" started-at="2025-10-03T11:27:40 IST" name="verifyvalidusernamevalidpassword" description="verify login with valid credentials" finished-at="2025-10-03T11:27:51 IST" duration-ms="10662" status="SKIP">
          <exception class="java.lang.AssertionError">
            <message>
              <![CDATA[Login is not successfull with valid credentials expected [https://groceryapp.uniqassosiates.com/admin] but found [https://groceryapp.uniqassosiates.com/admin/login]]]>
            </message>
            <full-stacktrace>
              <![CDATA[java.lang.AssertionError: Login is not successfull with valid credentials expected [https://groceryapp.uniqassosiates.com/admin] but found [https://groceryapp.uniqassosiates.com/admin/login]
at org.testng.Assert.fail(Assert.java:111)
at org.testng.Assert.failNotEquals(Assert.java:1578)
at org.testng.Assert.assertEqualsImpl(Assert.java:150)
at org.testng.Assert.assertEquals(Assert.java:132)
at org.testng.Assert.assertEquals(Assert.java:656)
at testscript.LoginTest.verifyvalidusernamevalidpassword(LoginTest.java:36)
at java.base/jdk.internal.reflect.DirectMethodHandleAccessor.invoke(DirectMethodHandleAccessor.java:103)
at java.base/java.lang.reflect.Method.invoke(Method.java:580)
at org.testng.internal.invokers.MethodInvocationHelper.invokeMethod(MethodInvocationHelper.java:141)
at org.testng.internal.invokers.TestInvoker.invokeMethod(TestInvoker.java:686)
at org.testng.internal.invokers.TestInvoker.retryFailed(TestInvoker.java:269)
at org.testng.internal.invokers.MethodRunner.runInSequence(MethodRunner.java:76)
at org.testng.internal.invokers.TestInvoker$MethodInvocationAgent.invoke(TestInvoker.java:992)
at org.testng.internal.invokers.TestInvoker.invokeTestMethods(TestInvoker.java:203)
at org.testng.internal.invokers.TestMethodWorker.invokeTestMethods(TestMethodWorker.java:154)
at org.testng.internal.invokers.TestMethodWorker.run(TestMethodWorker.java:134)
at java.base/java.util.concurrent.Executors$RunnableAdapter.call(Executors.java:572)
at java.base/java.util.concurrent.FutureTask.run(FutureTask.java:317)
at org.testng.internal.thread.graph.TestNGFutureTask.run(TestNGFutureTask.java:22)
at java.base/java.util.concurrent.ThreadPoolExecutor.runWorker(ThreadPoolExecutor.java:1144)
at java.base/java.util.concurrent.ThreadPoolExecutor$Worker.run(ThreadPoolExecutor.java:642)
at java.base/java.lang.Thread.run(Thread.java:1583)
]]>
            </full-stacktrace>
          </exception> <!-- java.lang.AssertionError -->
          <reporter-output>
          </reporter-output>
        </test-method> <!-- verifyvalidusernamevalidpassword -->
        <test-method signature="verifyinvalidusernameinvalidpassword(java.lang.String,java.lang.String)[pri:4, instance:testscript.LoginTest@1e4f4a5c]" started-at="2025-10-03T11:27:48 IST" name="verifyinvalidusernameinvalidpassword" description="verify login with invalid credentials" data-provider="loginProvider" finished-at="2025-10-03T11:27:51 IST" duration-ms="3293" status="PASS">
          <params>
            <param index="0">
              <value>
                <![CDATA[username]]>
              </value>
            </param>
            <param index="1">
              <value>
                <![CDATA[pass]]>
              </value>
            </param>
          </params>
          <reporter-output>
          </reporter-output>
        </test-method> <!-- verifyinvalidusernameinvalidpassword -->
        <test-method is-config="true" signature="browserQuitClose()[pri:0, instance:testscript.LoginTest@1e4f4a5c]" started-at="2025-10-03T11:27:51 IST" name="browserQuitClose" finished-at="2025-10-03T11:27:51 IST" duration-ms="1" status="PASS">
          <reporter-output>
          </reporter-output>
        </test-method> <!-- browserQuitClose -->
        <test-method is-config="true" signature="driverQuit(org.testng.ITestResult)[pri:0, instance:testscript.LoginTest@1e4f4a5c]" started-at="2025-10-03T11:27:51 IST" name="driverQuit" finished-at="2025-10-03T11:27:51 IST" duration-ms="1" status="PASS">
          <params>
            <param index="0">
              <value>
                <![CDATA[[TestResult name=verifyvalidusernamevalidpassword status=SKIP method=LoginTest.verifyvalidusernamevalidpassword()[pri:1, instance:testscript.LoginTest@1e4f4a5c] output={null}]]]>
              </value>
            </param>
          </params>
          <reporter-output>
          </reporter-output>
        </test-method> <!-- driverQuit -->
        <test-method is-config="true" signature="browserInitialization(java.lang.String)[pri:0, instance:testscript.LoginTest@1e4f4a5c]" started-at="2025-10-03T11:27:51 IST" name="browserInitialization" finished-at="2025-10-03T11:28:02 IST" duration-ms="10979" status="PASS">
          <params>
            <param index="0">
              <value>
                <![CDATA[chrome]]>
              </value>
            </param>
          </params>
          <reporter-output>
          </reporter-output>
        </test-method> <!-- browserInitialization -->
        <test-method is-config="true" signature="browserQuitClose()[pri:0, instance:testscript.LoginTest@1e4f4a5c]" started-at="2025-10-03T11:27:51 IST" name="browserQuitClose" finished-at="2025-10-03T11:27:51 IST" duration-ms="1" status="PASS">
          <reporter-output>
          </reporter-output>
        </test-method> <!-- browserQuitClose -->
        <test-method is-config="true" signature="driverQuit(org.testng.ITestResult)[pri:0, instance:testscript.LoginTest@1e4f4a5c]" started-at="2025-10-03T11:27:51 IST" name="driverQuit" finished-at="2025-10-03T11:27:51 IST" duration-ms="1" status="PASS">
          <params>
            <param index="0">
              <value>
                <![CDATA[[TestResult name=verifyinvalidusernameinvalidpassword status=SUCCESS method=LoginTest.verifyinvalidusernameinvalidpassword(java.lang.String,java.lang.String)[pri:4, instance:testscript.LoginTest@1e4f4a5c] output={null}]]]>
              </value>
            </param>
          </params>
          <reporter-output>
          </reporter-output>
        </test-method> <!-- driverQuit -->
        <test-method is-config="true" signature="browserInitialization(java.lang.String)[pri:0, instance:testscript.LoginTest@1e4f4a5c]" started-at="2025-10-03T11:27:51 IST" name="browserInitialization" finished-at="2025-10-03T11:28:02 IST" duration-ms="10810" status="PASS">
          <params>
            <param index="0">
              <value>
                <![CDATA[chrome]]>
              </value>
            </param>
          </params>
          <reporter-output>
          </reporter-output>
        </test-method> <!-- browserInitialization -->
        <test-method signature="verifyvalidusernamevalidpassword()[pri:1, instance:testscript.LoginTest@1e4f4a5c]" started-at="2025-10-03T11:28:02 IST" name="verifyvalidusernamevalidpassword" description="verify login with valid credentials" finished-at="2025-10-03T11:28:04 IST" duration-ms="2560" status="FAIL">
          <exception class="org.openqa.selenium.StaleElementReferenceException">
            <message>
              <![CDATA[stale element reference: stale element not found
  (Session info: chrome=140.0.7339.208)
For documentation on this error, please visit: https://www.selenium.dev/documentation/webdriver/troubleshooting/errors#stale-element-reference-exception
Build info: version: '4.31.0', revision: '1ef9f18787*'
System info: os.name: 'Windows 10', os.arch: 'amd64', os.version: '10.0', java.version: '21.0.7'
Driver info: org.openqa.selenium.chrome.ChromeDriver
Command: [b478bd00b1ac6f0cdec60285897958f8, clickElement {id=f.23F2C0FDF1411495357267EB0E5AC472.d.A2B1AC46EE2FD2C4782307C2806F1D59.e.15}]
Capabilities {acceptInsecureCerts: false, browserName: chrome, browserVersion: 140.0.7339.208, chrome: {chromedriverVersion: 140.0.7339.207 (17230b545fd..., userDataDir: C:\Users\Dell\AppData\Local...}, fedcm:accounts: true, goog:chromeOptions: {debuggerAddress: localhost:62372}, networkConnectionEnabled: false, pageLoadStrategy: normal, platformName: windows, proxy: Proxy(), se:cdp: ws://localhost:62372/devtoo..., se:cdpVersion: 140.0.7339.208, setWindowRect: true, strictFileInteractability: false, timeouts: {implicit: 0, pageLoad: 300000, script: 30000}, unhandledPromptBehavior: dismiss and notify, webauthn:extension:credBlob: true, webauthn:extension:largeBlob: true, webauthn:extension:minPinLength: true, webauthn:extension:prf: true, webauthn:virtualAuthenticators: true}
Element: [[ChromeDriver: chrome on windows (b478bd00b1ac6f0cdec60285897958f8)] -> xpath: //button[text() ='Sign In']]
Session ID: b478bd00b1ac6f0cdec60285897958f8]]>
            </message>
            <full-stacktrace>
              <![CDATA[org.openqa.selenium.StaleElementReferenceException: stale element reference: stale element not found
  (Session info: chrome=140.0.7339.208)
For documentation on this error, please visit: https://www.selenium.dev/documentation/webdriver/troubleshooting/errors#stale-element-reference-exception
Build info: version: '4.31.0', revision: '1ef9f18787*'
System info: os.name: 'Windows 10', os.arch: 'amd64', os.version: '10.0', java.version: '21.0.7'
Driver info: org.openqa.selenium.chrome.ChromeDriver
Command: [b478bd00b1ac6f0cdec60285897958f8, clickElement {id=f.23F2C0FDF1411495357267EB0E5AC472.d.A2B1AC46EE2FD2C4782307C2806F1D59.e.15}]
Capabilities {acceptInsecureCerts: false, browserName: chrome, browserVersion: 140.0.7339.208, chrome: {chromedriverVersion: 140.0.7339.207 (17230b545fd..., userDataDir: C:\Users\Dell\AppData\Local...}, fedcm:accounts: true, goog:chromeOptions: {debuggerAddress: localhost:62372}, networkConnectionEnabled: false, pageLoadStrategy: normal, platformName: windows, proxy: Proxy(), se:cdp: ws://localhost:62372/devtoo..., se:cdpVersion: 140.0.7339.208, setWindowRect: true, strictFileInteractability: false, timeouts: {implicit: 0, pageLoad: 300000, script: 30000}, unhandledPromptBehavior: dismiss and notify, webauthn:extension:credBlob: true, webauthn:extension:largeBlob: true, webauthn:extension:minPinLength: true, webauthn:extension:prf: true, webauthn:virtualAuthenticators: true}
Element: [[ChromeDriver: chrome on windows (b478bd00b1ac6f0cdec60285897958f8)] -> xpath: //button[text() ='Sign In']]
Session ID: b478bd00b1ac6f0cdec60285897958f8
at java.base/jdk.internal.reflect.DirectConstructorHandleAccessor.newInstance(DirectConstructorHandleAccessor.java:62)
at java.base/java.lang.reflect.Constructor.newInstanceWithCaller(Constructor.java:502)
at java.base/java.lang.reflect.Constructor.newInstance(Constructor.java:486)
at org.openqa.selenium.remote.ErrorCodec.decode(ErrorCodec.java:167)
at org.openqa.selenium.remote.codec.w3c.W3CHttpResponseCodec.decode(W3CHttpResponseCodec.java:138)
at org.openqa.selenium.remote.codec.w3c.W3CHttpResponseCodec.decode(W3CHttpResponseCodec.java:50)
at org.openqa.selenium.remote.HttpCommandExecutor.execute(HttpCommandExecutor.java:215)
at org.openqa.selenium.remote.service.DriverCommandExecutor.invokeExecute(DriverCommandExecutor.java:216)
at org.openqa.selenium.remote.service.DriverCommandExecutor.execute(DriverCommandExecutor.java:174)
at org.openqa.selenium.remote.RemoteWebDriver.execute(RemoteWebDriver.java:545)
at org.openqa.selenium.remote.RemoteWebElement.execute(RemoteWebElement.java:223)
at org.openqa.selenium.remote.RemoteWebElement.click(RemoteWebElement.java:76)
at java.base/jdk.internal.reflect.DirectMethodHandleAccessor.invoke(DirectMethodHandleAccessor.java:103)
at java.base/java.lang.reflect.Method.invoke(Method.java:580)
at org.openqa.selenium.support.pagefactory.internal.LocatingElementHandler.invoke(LocatingElementHandler.java:51)
at jdk.proxy2/jdk.proxy2.$Proxy16.click(Unknown Source)
at utilities.PageUtility.clickOnElement(PageUtility.java:17)
at pages.LoginPage.clicksignin(LoginPage.java:37)
at testscript.LoginTest.verifyvalidusernamevalidpassword(LoginTest.java:32)
at java.base/jdk.internal.reflect.DirectMethodHandleAccessor.invoke(DirectMethodHandleAccessor.java:103)
at java.base/java.lang.reflect.Method.invoke(Method.java:580)
at org.testng.internal.invokers.MethodInvocationHelper.invokeMethod(MethodInvocationHelper.java:141)
at org.testng.internal.invokers.TestInvoker.invokeMethod(TestInvoker.java:686)
at org.testng.internal.invokers.TestInvoker.retryFailed(TestInvoker.java:269)
at org.testng.internal.invokers.MethodRunner.runInSequence(MethodRunner.java:76)
at org.testng.internal.invokers.TestInvoker$MethodInvocationAgent.invoke(TestInvoker.java:992)
at org.testng.internal.invokers.TestInvoker.invokeTestMethods(TestInvoker.java:203)
at org.testng.internal.invokers.TestMethodWorker.invokeTestMethods(TestMethodWorker.java:154)
at org.testng.internal.invokers.TestMethodWorker.run(TestMethodWorker.java:134)
at java.base/java.util.concurrent.Executors$RunnableAdapter.call(Executors.java:572)
at java.base/java.util.concurrent.FutureTask.run(FutureTask.java:317)
at org.testng.internal.thread.graph.TestNGFutureTask.run(TestNGFutureTask.java:22)
at java.base/java.util.concurrent.ThreadPoolExecutor.runWorker(ThreadPoolExecutor.java:1144)
at java.base/java.util.concurrent.ThreadPoolExecutor$Worker.run(ThreadPoolExecutor.java:642)
at java.base/java.lang.Thread.run(Thread.java:1583)
]]>
            </full-stacktrace>
          </exception> <!-- org.openqa.selenium.StaleElementReferenceException -->
          <reporter-output>
          </reporter-output>
        </test-method> <!-- verifyvalidusernamevalidpassword -->
        <test-method signature="verifyinvalidusernameinvalidpassword(java.lang.String,java.lang.String)[pri:4, instance:testscript.LoginTest@1e4f4a5c]" started-at="2025-10-03T11:28:02 IST" name="verifyinvalidusernameinvalidpassword" description="verify login with invalid credentials" data-provider="loginProvider" finished-at="2025-10-03T11:28:04 IST" duration-ms="2560" status="PASS">
          <params>
            <param index="0">
              <value>
                <![CDATA[user1]]>
              </value>
            </param>
            <param index="1">
              <value>
                <![CDATA[password1]]>
              </value>
            </param>
          </params>
          <reporter-output>
          </reporter-output>
        </test-method> <!-- verifyinvalidusernameinvalidpassword -->
        <test-method is-config="true" signature="browserQuitClose()[pri:0, instance:testscript.LoginTest@1e4f4a5c]" started-at="2025-10-03T11:28:04 IST" name="browserQuitClose" finished-at="2025-10-03T11:28:04 IST" duration-ms="2" status="PASS">
          <reporter-output>
          </reporter-output>
        </test-method> <!-- browserQuitClose -->
        <test-method is-config="true" signature="driverQuit(org.testng.ITestResult)[pri:0, instance:testscript.LoginTest@1e4f4a5c]" started-at="2025-10-03T11:28:04 IST" name="driverQuit" finished-at="2025-10-03T11:28:05 IST" duration-ms="270" status="PASS">
          <params>
            <param index="0">
              <value>
                <![CDATA[[TestResult name=verifyvalidusernamevalidpassword status=FAILURE method=LoginTest.verifyvalidusernamevalidpassword()[pri:1, instance:testscript.LoginTest@1e4f4a5c] output={null}]]]>
              </value>
            </param>
          </params>
          <reporter-output>
          </reporter-output>
        </test-method> <!-- driverQuit -->
        <test-method is-config="true" signature="browserQuitClose()[pri:0, instance:testscript.LoginTest@1e4f4a5c]" started-at="2025-10-03T11:28:04 IST" name="browserQuitClose" finished-at="2025-10-03T11:28:04 IST" duration-ms="1" status="PASS">
          <reporter-output>
          </reporter-output>
        </test-method> <!-- browserQuitClose -->
        <test-method is-config="true" signature="driverQuit(org.testng.ITestResult)[pri:0, instance:testscript.LoginTest@1e4f4a5c]" started-at="2025-10-03T11:28:04 IST" name="driverQuit" finished-at="2025-10-03T11:28:04 IST" duration-ms="2" status="PASS">
          <params>
            <param index="0">
              <value>
                <![CDATA[[TestResult name=verifyinvalidusernameinvalidpassword status=SUCCESS method=LoginTest.verifyinvalidusernameinvalidpassword(java.lang.String,java.lang.String)[pri:4, instance:testscript.LoginTest@1e4f4a5c] output={null}]]]>
              </value>
            </param>
          </params>
          <reporter-output>
          </reporter-output>
        </test-method> <!-- driverQuit -->
      </class> <!-- testscript.LoginTest -->
    </test> <!-- ChromeTest -->
    <test started-at="2025-10-03T11:28:08 IST" name="firefoxTest" finished-at="2025-10-03T11:30:43 IST" duration-ms="155383">
      <class name="testscript.LoginTest">
        <test-method is-config="true" signature="browserInitialization(java.lang.String)[pri:0, instance:testscript.LoginTest@72d6b3ba]" started-at="2025-10-03T11:28:08 IST" name="browserInitialization" finished-at="2025-10-03T11:28:45 IST" duration-ms="37267" status="PASS">
          <params>
            <param index="0">
              <value>
                <![CDATA[firefox]]>
              </value>
            </param>
          </params>
          <reporter-output>
          </reporter-output>
        </test-method> <!-- browserInitialization -->
        <test-method is-config="true" signature="browserInitialization(java.lang.String)[pri:0, instance:testscript.LoginTest@72d6b3ba]" started-at="2025-10-03T11:28:08 IST" name="browserInitialization" finished-at="2025-10-03T11:28:56 IST" duration-ms="48134" status="PASS">
          <params>
            <param index="0">
              <value>
                <![CDATA[firefox]]>
              </value>
            </param>
          </params>
          <reporter-output>
          </reporter-output>
        </test-method> <!-- browserInitialization -->
        <test-method is-config="true" signature="browserInitialization(java.lang.String)[pri:0, instance:testscript.LoginTest@72d6b3ba]" started-at="2025-10-03T11:28:08 IST" name="browserInitialization" finished-at="2025-10-03T11:28:45 IST" duration-ms="37208" status="PASS">
          <params>
            <param index="0">
              <value>
                <![CDATA[firefox]]>
              </value>
            </param>
          </params>
          <reporter-output>
          </reporter-output>
        </test-method> <!-- browserInitialization -->
        <test-method is-config="true" signature="browserInitialization(java.lang.String)[pri:0, instance:testscript.LoginTest@72d6b3ba]" started-at="2025-10-03T11:28:08 IST" name="browserInitialization" finished-at="2025-10-03T11:28:56 IST" duration-ms="47869" status="PASS">
          <params>
            <param index="0">
              <value>
                <![CDATA[firefox]]>
              </value>
            </param>
          </params>
          <reporter-output>
          </reporter-output>
        </test-method> <!-- browserInitialization -->
        <test-method signature="verifyinvalidusernamevalidpassword()[pri:3, instance:testscript.LoginTest@72d6b3ba]" started-at="2025-10-03T11:28:45 IST" name="verifyinvalidusernamevalidpassword" description="verify login with invalid usename and valid pw" finished-at="2025-10-03T11:28:59 IST" duration-ms="14064" status="FAIL">
          <exception class="org.openqa.selenium.StaleElementReferenceException">
            <message>
              <![CDATA[The element with the reference a48b353b-1afb-4be6-8190-a1d12cd988bf is stale; either its node document is not the active document, or it is no longer connected to the DOM
For documentation on this error, please visit: https://www.selenium.dev/documentation/webdriver/troubleshooting/errors#stale-element-reference-exception
Build info: version: '4.31.0', revision: '1ef9f18787*'
System info: os.name: 'Windows 10', os.arch: 'amd64', os.version: '10.0', java.version: '21.0.7'
Driver info: org.openqa.selenium.firefox.FirefoxDriver
Command: [96f8ba77-397e-4f4e-9d9c-b44cf288c6e3, clickElement {id=a48b353b-1afb-4be6-8190-a1d12cd988bf}]
Capabilities {acceptInsecureCerts: true, browserName: firefox, browserVersion: 143.0.1, moz:accessibilityChecks: false, moz:buildID: 20250918214338, moz:geckodriverVersion: 0.36.0, moz:headless: false, moz:platformVersion: 10.0, moz:processID: 2388, moz:profile: C:\Users\Dell\AppData\Local..., moz:shutdownTimeout: 60000, moz:webdriverClick: true, moz:windowless: false, pageLoadStrategy: normal, platformName: windows, proxy: Proxy(), setWindowRect: true, strictFileInteractability: false, timeouts: {implicit: 0, pageLoad: 300000, script: 30000}, unhandledPromptBehavior: dismiss and notify, userAgent: Mozilla/5.0 (Windows NT 10....}
Element: [[FirefoxDriver: firefox on windows (96f8ba77-397e-4f4e-9d9c-b44cf288c6e3)] -> xpath: //button[text() ='Sign In']]
Session ID: 96f8ba77-397e-4f4e-9d9c-b44cf288c6e3]]>
            </message>
            <full-stacktrace>
              <![CDATA[org.openqa.selenium.StaleElementReferenceException: The element with the reference a48b353b-1afb-4be6-8190-a1d12cd988bf is stale; either its node document is not the active document, or it is no longer connected to the DOM
For documentation on this error, please visit: https://www.selenium.dev/documentation/webdriver/troubleshooting/errors#stale-element-reference-exception
Build info: version: '4.31.0', revision: '1ef9f18787*'
System info: os.name: 'Windows 10', os.arch: 'amd64', os.version: '10.0', java.version: '21.0.7'
Driver info: org.openqa.selenium.firefox.FirefoxDriver
Command: [96f8ba77-397e-4f4e-9d9c-b44cf288c6e3, clickElement {id=a48b353b-1afb-4be6-8190-a1d12cd988bf}]
Capabilities {acceptInsecureCerts: true, browserName: firefox, browserVersion: 143.0.1, moz:accessibilityChecks: false, moz:buildID: 20250918214338, moz:geckodriverVersion: 0.36.0, moz:headless: false, moz:platformVersion: 10.0, moz:processID: 2388, moz:profile: C:\Users\Dell\AppData\Local..., moz:shutdownTimeout: 60000, moz:webdriverClick: true, moz:windowless: false, pageLoadStrategy: normal, platformName: windows, proxy: Proxy(), setWindowRect: true, strictFileInteractability: false, timeouts: {implicit: 0, pageLoad: 300000, script: 30000}, unhandledPromptBehavior: dismiss and notify, userAgent: Mozilla/5.0 (Windows NT 10....}
Element: [[FirefoxDriver: firefox on windows (96f8ba77-397e-4f4e-9d9c-b44cf288c6e3)] -> xpath: //button[text() ='Sign In']]
Session ID: 96f8ba77-397e-4f4e-9d9c-b44cf288c6e3
at java.base/jdk.internal.reflect.DirectConstructorHandleAccessor.newInstance(DirectConstructorHandleAccessor.java:62)
at java.base/java.lang.reflect.Constructor.newInstanceWithCaller(Constructor.java:502)
at java.base/java.lang.reflect.Constructor.newInstance(Constructor.java:486)
at org.openqa.selenium.remote.ErrorCodec.decode(ErrorCodec.java:167)
at org.openqa.selenium.remote.codec.w3c.W3CHttpResponseCodec.decode(W3CHttpResponseCodec.java:138)
at org.openqa.selenium.remote.codec.w3c.W3CHttpResponseCodec.decode(W3CHttpResponseCodec.java:50)
at org.openqa.selenium.remote.HttpCommandExecutor.execute(HttpCommandExecutor.java:215)
at org.openqa.selenium.remote.service.DriverCommandExecutor.invokeExecute(DriverCommandExecutor.java:216)
at org.openqa.selenium.remote.service.DriverCommandExecutor.execute(DriverCommandExecutor.java:174)
at org.openqa.selenium.remote.RemoteWebDriver.execute(RemoteWebDriver.java:545)
at org.openqa.selenium.remote.RemoteWebElement.execute(RemoteWebElement.java:223)
at org.openqa.selenium.remote.RemoteWebElement.click(RemoteWebElement.java:76)
at java.base/jdk.internal.reflect.DirectMethodHandleAccessor.invoke(DirectMethodHandleAccessor.java:103)
at java.base/java.lang.reflect.Method.invoke(Method.java:580)
at org.openqa.selenium.support.pagefactory.internal.LocatingElementHandler.invoke(LocatingElementHandler.java:51)
at jdk.proxy2/jdk.proxy2.$Proxy16.click(Unknown Source)
at utilities.PageUtility.clickOnElement(PageUtility.java:17)
at pages.LoginPage.clicksignin(LoginPage.java:37)
at testscript.LoginTest.verifyinvalidusernamevalidpassword(LoginTest.java:60)
at java.base/jdk.internal.reflect.DirectMethodHandleAccessor.invoke(DirectMethodHandleAccessor.java:103)
at java.base/java.lang.reflect.Method.invoke(Method.java:580)
at org.testng.internal.invokers.MethodInvocationHelper.invokeMethod(MethodInvocationHelper.java:141)
at org.testng.internal.invokers.TestInvoker.invokeMethod(TestInvoker.java:686)
at org.testng.internal.invokers.TestInvoker.invokeTestMethod(TestInvoker.java:230)
at org.testng.internal.invokers.MethodRunner.runInSequence(MethodRunner.java:63)
at org.testng.internal.invokers.TestInvoker$MethodInvocationAgent.invoke(TestInvoker.java:992)
at org.testng.internal.invokers.TestInvoker.invokeTestMethods(TestInvoker.java:203)
at org.testng.internal.invokers.TestMethodWorker.invokeTestMethods(TestMethodWorker.java:154)
at org.testng.internal.invokers.TestMethodWorker.run(TestMethodWorker.java:134)
at java.base/java.util.concurrent.Executors$RunnableAdapter.call(Executors.java:572)
at java.base/java.util.concurrent.FutureTask.run(FutureTask.java:317)
at org.testng.internal.thread.graph.TestNGFutureTask.run(TestNGFutureTask.java:22)
at java.base/java.util.concurrent.ThreadPoolExecutor.runWorker(ThreadPoolExecutor.java:1144)
at java.base/java.util.concurrent.ThreadPoolExecutor$Worker.run(ThreadPoolExecutor.java:642)
at java.base/java.lang.Thread.run(Thread.java:1583)
]]>
            </full-stacktrace>
          </exception> <!-- org.openqa.selenium.StaleElementReferenceException -->
          <reporter-output>
          </reporter-output>
        </test-method> <!-- verifyinvalidusernamevalidpassword -->
        <test-method retried="true" signature="verifyvalidusernamevalidpassword()[pri:1, instance:testscript.LoginTest@72d6b3ba]" started-at="2025-10-03T11:28:45 IST" name="verifyvalidusernamevalidpassword" description="verify login with valid credentials" finished-at="2025-10-03T11:29:09 IST" duration-ms="23673" status="SKIP">
          <exception class="java.lang.AssertionError">
            <message>
              <![CDATA[Login is not successfull with valid credentials expected [https://groceryapp.uniqassosiates.com/admin] but found [https://groceryapp.uniqassosiates.com/admin/login]]]>
            </message>
            <full-stacktrace>
              <![CDATA[java.lang.AssertionError: Login is not successfull with valid credentials expected [https://groceryapp.uniqassosiates.com/admin] but found [https://groceryapp.uniqassosiates.com/admin/login]
at org.testng.Assert.fail(Assert.java:111)
at org.testng.Assert.failNotEquals(Assert.java:1578)
at org.testng.Assert.assertEqualsImpl(Assert.java:150)
at org.testng.Assert.assertEquals(Assert.java:132)
at org.testng.Assert.assertEquals(Assert.java:656)
at testscript.LoginTest.verifyvalidusernamevalidpassword(LoginTest.java:36)
at java.base/jdk.internal.reflect.DirectMethodHandleAccessor.invoke(DirectMethodHandleAccessor.java:103)
at java.base/java.lang.reflect.Method.invoke(Method.java:580)
at org.testng.internal.invokers.MethodInvocationHelper.invokeMethod(MethodInvocationHelper.java:141)
at org.testng.internal.invokers.TestInvoker.invokeMethod(TestInvoker.java:686)
at org.testng.internal.invokers.TestInvoker.invokeTestMethod(TestInvoker.java:230)
at org.testng.internal.invokers.MethodRunner.runInSequence(MethodRunner.java:63)
at org.testng.internal.invokers.TestInvoker$MethodInvocationAgent.invoke(TestInvoker.java:992)
at org.testng.internal.invokers.TestInvoker.invokeTestMethods(TestInvoker.java:203)
at org.testng.internal.invokers.TestMethodWorker.invokeTestMethods(TestMethodWorker.java:154)
at org.testng.internal.invokers.TestMethodWorker.run(TestMethodWorker.java:134)
at java.base/java.util.concurrent.Executors$RunnableAdapter.call(Executors.java:572)
at java.base/java.util.concurrent.FutureTask.run(FutureTask.java:317)
at org.testng.internal.thread.graph.TestNGFutureTask.run(TestNGFutureTask.java:22)
at java.base/java.util.concurrent.ThreadPoolExecutor.runWorker(ThreadPoolExecutor.java:1144)
at java.base/java.util.concurrent.ThreadPoolExecutor$Worker.run(ThreadPoolExecutor.java:642)
at java.base/java.lang.Thread.run(Thread.java:1583)
]]>
            </full-stacktrace>
          </exception> <!-- java.lang.AssertionError -->
          <reporter-output>
          </reporter-output>
        </test-method> <!-- verifyvalidusernamevalidpassword -->
        <test-method signature="verifyvalidusernameinvalidpassword()[pri:2, instance:testscript.LoginTest@72d6b3ba]" started-at="2025-10-03T11:28:56 IST" name="verifyvalidusernameinvalidpassword" description="verify login with validusername and invalidpw" finished-at="2025-10-03T11:29:09 IST" duration-ms="13278" status="PASS">
          <reporter-output>
          </reporter-output>
        </test-method> <!-- verifyvalidusernameinvalidpassword -->
        <test-method signature="verifyinvalidusernameinvalidpassword(java.lang.String,java.lang.String)[pri:4, instance:testscript.LoginTest@72d6b3ba]" started-at="2025-10-03T11:28:56 IST" name="verifyinvalidusernameinvalidpassword" description="verify login with invalid credentials" data-provider="loginProvider" finished-at="2025-10-03T11:29:09 IST" duration-ms="12804" status="PASS">
          <params>
            <param index="0">
              <value>
                <![CDATA[user]]>
              </value>
            </param>
            <param index="1">
              <value>
                <![CDATA[password]]>
              </value>
            </param>
          </params>
          <reporter-output>
          </reporter-output>
        </test-method> <!-- verifyinvalidusernameinvalidpassword -->
        <test-method is-config="true" signature="browserQuitClose()[pri:0, instance:testscript.LoginTest@72d6b3ba]" started-at="2025-10-03T11:28:59 IST" name="browserQuitClose" finished-at="2025-10-03T11:28:59 IST" duration-ms="1" status="PASS">
          <reporter-output>
          </reporter-output>
        </test-method> <!-- browserQuitClose -->
        <test-method is-config="true" signature="driverQuit(org.testng.ITestResult)[pri:0, instance:testscript.LoginTest@72d6b3ba]" started-at="2025-10-03T11:28:59 IST" name="driverQuit" finished-at="2025-10-03T11:29:09 IST" duration-ms="9815" status="PASS">
          <params>
            <param index="0">
              <value>
                <![CDATA[[TestResult name=verifyinvalidusernamevalidpassword status=FAILURE method=LoginTest.verifyinvalidusernamevalidpassword()[pri:3, instance:testscript.LoginTest@72d6b3ba] output={null}]]]>
              </value>
            </param>
          </params>
          <reporter-output>
          </reporter-output>
        </test-method> <!-- driverQuit -->
        <test-method is-config="true" signature="browserQuitClose()[pri:0, instance:testscript.LoginTest@72d6b3ba]" started-at="2025-10-03T11:29:09 IST" name="browserQuitClose" finished-at="2025-10-03T11:29:09 IST" duration-ms="3" status="PASS">
          <reporter-output>
          </reporter-output>
        </test-method> <!-- browserQuitClose -->
        <test-method is-config="true" signature="driverQuit(org.testng.ITestResult)[pri:0, instance:testscript.LoginTest@72d6b3ba]" started-at="2025-10-03T11:29:09 IST" name="driverQuit" finished-at="2025-10-03T11:29:09 IST" duration-ms="1" status="PASS">
          <params>
            <param index="0">
              <value>
                <![CDATA[[TestResult name=verifyinvalidusernameinvalidpassword status=SUCCESS method=LoginTest.verifyinvalidusernameinvalidpassword(java.lang.String,java.lang.String)[pri:4, instance:testscript.LoginTest@72d6b3ba] output={null}]]]>
              </value>
            </param>
          </params>
          <reporter-output>
          </reporter-output>
        </test-method> <!-- driverQuit -->
        <test-method is-config="true" signature="browserInitialization(java.lang.String)[pri:0, instance:testscript.LoginTest@72d6b3ba]" started-at="2025-10-03T11:29:09 IST" name="browserInitialization" finished-at="2025-10-03T11:29:49 IST" duration-ms="40383" status="PASS">
          <params>
            <param index="0">
              <value>
                <![CDATA[firefox]]>
              </value>
            </param>
          </params>
          <reporter-output>
          </reporter-output>
        </test-method> <!-- browserInitialization -->
        <test-method is-config="true" signature="browserQuitClose()[pri:0, instance:testscript.LoginTest@72d6b3ba]" started-at="2025-10-03T11:29:09 IST" name="browserQuitClose" finished-at="2025-10-03T11:29:09 IST" duration-ms="1" status="PASS">
          <reporter-output>
          </reporter-output>
        </test-method> <!-- browserQuitClose -->
        <test-method is-config="true" signature="driverQuit(org.testng.ITestResult)[pri:0, instance:testscript.LoginTest@72d6b3ba]" started-at="2025-10-03T11:29:09 IST" name="driverQuit" finished-at="2025-10-03T11:29:09 IST" duration-ms="0" status="PASS">
          <params>
            <param index="0">
              <value>
                <![CDATA[[TestResult name=verifyvalidusernamevalidpassword status=SKIP method=LoginTest.verifyvalidusernamevalidpassword()[pri:1, instance:testscript.LoginTest@72d6b3ba] output={null}]]]>
              </value>
            </param>
          </params>
          <reporter-output>
          </reporter-output>
        </test-method> <!-- driverQuit -->
        <test-method is-config="true" signature="browserInitialization(java.lang.String)[pri:0, instance:testscript.LoginTest@72d6b3ba]" started-at="2025-10-03T11:29:09 IST" name="browserInitialization" finished-at="2025-10-03T11:29:49 IST" duration-ms="40379" status="PASS">
          <params>
            <param index="0">
              <value>
                <![CDATA[firefox]]>
              </value>
            </param>
          </params>
          <reporter-output>
          </reporter-output>
        </test-method> <!-- browserInitialization -->
        <test-method is-config="true" signature="browserQuitClose()[pri:0, instance:testscript.LoginTest@72d6b3ba]" started-at="2025-10-03T11:29:09 IST" name="browserQuitClose" finished-at="2025-10-03T11:29:09 IST" duration-ms="1" status="PASS">
          <reporter-output>
          </reporter-output>
        </test-method> <!-- browserQuitClose -->
        <test-method is-config="true" signature="driverQuit(org.testng.ITestResult)[pri:0, instance:testscript.LoginTest@72d6b3ba]" started-at="2025-10-03T11:29:09 IST" name="driverQuit" finished-at="2025-10-03T11:29:09 IST" duration-ms="1" status="PASS">
          <params>
            <param index="0">
              <value>
                <![CDATA[[TestResult name=verifyvalidusernameinvalidpassword status=SUCCESS method=LoginTest.verifyvalidusernameinvalidpassword()[pri:2, instance:testscript.LoginTest@72d6b3ba] output={null}]]]>
              </value>
            </param>
          </params>
          <reporter-output>
          </reporter-output>
        </test-method> <!-- driverQuit -->
        <test-method retried="true" signature="verifyvalidusernamevalidpassword()[pri:1, instance:testscript.LoginTest@72d6b3ba]" started-at="2025-10-03T11:29:49 IST" name="verifyvalidusernamevalidpassword" description="verify login with valid credentials" finished-at="2025-10-03T11:29:56 IST" duration-ms="6767" status="SKIP">
          <exception class="java.lang.AssertionError">
            <message>
              <![CDATA[Login is not successfull with valid credentials expected [https://groceryapp.uniqassosiates.com/admin] but found [https://groceryapp.uniqassosiates.com/admin/login]]]>
            </message>
            <full-stacktrace>
              <![CDATA[java.lang.AssertionError: Login is not successfull with valid credentials expected [https://groceryapp.uniqassosiates.com/admin] but found [https://groceryapp.uniqassosiates.com/admin/login]
at org.testng.Assert.fail(Assert.java:111)
at org.testng.Assert.failNotEquals(Assert.java:1578)
at org.testng.Assert.assertEqualsImpl(Assert.java:150)
at org.testng.Assert.assertEquals(Assert.java:132)
at org.testng.Assert.assertEquals(Assert.java:656)
at testscript.LoginTest.verifyvalidusernamevalidpassword(LoginTest.java:36)
at java.base/jdk.internal.reflect.DirectMethodHandleAccessor.invoke(DirectMethodHandleAccessor.java:103)
at java.base/java.lang.reflect.Method.invoke(Method.java:580)
at org.testng.internal.invokers.MethodInvocationHelper.invokeMethod(MethodInvocationHelper.java:141)
at org.testng.internal.invokers.TestInvoker.invokeMethod(TestInvoker.java:686)
at org.testng.internal.invokers.TestInvoker.retryFailed(TestInvoker.java:269)
at org.testng.internal.invokers.MethodRunner.runInSequence(MethodRunner.java:76)
at org.testng.internal.invokers.TestInvoker$MethodInvocationAgent.invoke(TestInvoker.java:992)
at org.testng.internal.invokers.TestInvoker.invokeTestMethods(TestInvoker.java:203)
at org.testng.internal.invokers.TestMethodWorker.invokeTestMethods(TestMethodWorker.java:154)
at org.testng.internal.invokers.TestMethodWorker.run(TestMethodWorker.java:134)
at java.base/java.util.concurrent.Executors$RunnableAdapter.call(Executors.java:572)
at java.base/java.util.concurrent.FutureTask.run(FutureTask.java:317)
at org.testng.internal.thread.graph.TestNGFutureTask.run(TestNGFutureTask.java:22)
at java.base/java.util.concurrent.ThreadPoolExecutor.runWorker(ThreadPoolExecutor.java:1144)
at java.base/java.util.concurrent.ThreadPoolExecutor$Worker.run(ThreadPoolExecutor.java:642)
at java.base/java.lang.Thread.run(Thread.java:1583)
]]>
            </full-stacktrace>
          </exception> <!-- java.lang.AssertionError -->
          <reporter-output>
          </reporter-output>
        </test-method> <!-- verifyvalidusernamevalidpassword -->
        <test-method signature="verifyinvalidusernameinvalidpassword(java.lang.String,java.lang.String)[pri:4, instance:testscript.LoginTest@72d6b3ba]" started-at="2025-10-03T11:29:49 IST" name="verifyinvalidusernameinvalidpassword" description="verify login with invalid credentials" data-provider="loginProvider" finished-at="2025-10-03T11:29:53 IST" duration-ms="3641" status="PASS">
          <params>
            <param index="0">
              <value>
                <![CDATA[username]]>
              </value>
            </param>
            <param index="1">
              <value>
                <![CDATA[pass]]>
              </value>
            </param>
          </params>
          <reporter-output>
          </reporter-output>
        </test-method> <!-- verifyinvalidusernameinvalidpassword -->
        <test-method is-config="true" signature="browserQuitClose()[pri:0, instance:testscript.LoginTest@72d6b3ba]" started-at="2025-10-03T11:29:53 IST" name="browserQuitClose" finished-at="2025-10-03T11:29:53 IST" duration-ms="2" status="PASS">
          <reporter-output>
          </reporter-output>
        </test-method> <!-- browserQuitClose -->
        <test-method is-config="true" signature="driverQuit(org.testng.ITestResult)[pri:0, instance:testscript.LoginTest@72d6b3ba]" started-at="2025-10-03T11:29:53 IST" name="driverQuit" finished-at="2025-10-03T11:29:53 IST" duration-ms="10" status="PASS">
          <params>
            <param index="0">
              <value>
                <![CDATA[[TestResult name=verifyinvalidusernameinvalidpassword status=SUCCESS method=LoginTest.verifyinvalidusernameinvalidpassword(java.lang.String,java.lang.String)[pri:4, instance:testscript.LoginTest@72d6b3ba] output={null}]]]>
              </value>
            </param>
          </params>
          <reporter-output>
          </reporter-output>
        </test-method> <!-- driverQuit -->
        <test-method is-config="true" signature="browserInitialization(java.lang.String)[pri:0, instance:testscript.LoginTest@72d6b3ba]" started-at="2025-10-03T11:29:53 IST" name="browserInitialization" finished-at="2025-10-03T11:30:36 IST" duration-ms="42530" status="PASS">
          <params>
            <param index="0">
              <value>
                <![CDATA[firefox]]>
              </value>
            </param>
          </params>
          <reporter-output>
          </reporter-output>
        </test-method> <!-- browserInitialization -->
        <test-method is-config="true" signature="browserQuitClose()[pri:0, instance:testscript.LoginTest@72d6b3ba]" started-at="2025-10-03T11:29:56 IST" name="browserQuitClose" finished-at="2025-10-03T11:29:56 IST" duration-ms="12" status="PASS">
          <reporter-output>
          </reporter-output>
        </test-method> <!-- browserQuitClose -->
        <test-method is-config="true" signature="driverQuit(org.testng.ITestResult)[pri:0, instance:testscript.LoginTest@72d6b3ba]" started-at="2025-10-03T11:29:56 IST" name="driverQuit" finished-at="2025-10-03T11:29:56 IST" duration-ms="4" status="PASS">
          <params>
            <param index="0">
              <value>
                <![CDATA[[TestResult name=verifyvalidusernamevalidpassword status=SKIP method=LoginTest.verifyvalidusernamevalidpassword()[pri:1, instance:testscript.LoginTest@72d6b3ba] output={null}]]]>
              </value>
            </param>
          </params>
          <reporter-output>
          </reporter-output>
        </test-method> <!-- driverQuit -->
        <test-method is-config="true" signature="browserInitialization(java.lang.String)[pri:0, instance:testscript.LoginTest@72d6b3ba]" started-at="2025-10-03T11:29:56 IST" name="browserInitialization" finished-at="2025-10-03T11:30:26 IST" duration-ms="29444" status="PASS">
          <params>
            <param index="0">
              <value>
                <![CDATA[firefox]]>
              </value>
            </param>
          </params>
          <reporter-output>
          </reporter-output>
        </test-method> <!-- browserInitialization -->
        <test-method signature="verifyvalidusernamevalidpassword()[pri:1, instance:testscript.LoginTest@72d6b3ba]" started-at="2025-10-03T11:30:26 IST" name="verifyvalidusernamevalidpassword" description="verify login with valid credentials" finished-at="2025-10-03T11:30:43 IST" duration-ms="17458" status="FAIL">
          <exception class="java.lang.AssertionError">
            <message>
              <![CDATA[Login is not successfull with valid credentials expected [https://groceryapp.uniqassosiates.com/admin] but found [https://groceryapp.uniqassosiates.com/admin/login]]]>
            </message>
            <full-stacktrace>
              <![CDATA[java.lang.AssertionError: Login is not successfull with valid credentials expected [https://groceryapp.uniqassosiates.com/admin] but found [https://groceryapp.uniqassosiates.com/admin/login]
at org.testng.Assert.fail(Assert.java:111)
at org.testng.Assert.failNotEquals(Assert.java:1578)
at org.testng.Assert.assertEqualsImpl(Assert.java:150)
at org.testng.Assert.assertEquals(Assert.java:132)
at org.testng.Assert.assertEquals(Assert.java:656)
at testscript.LoginTest.verifyvalidusernamevalidpassword(LoginTest.java:36)
at java.base/jdk.internal.reflect.DirectMethodHandleAccessor.invoke(DirectMethodHandleAccessor.java:103)
at java.base/java.lang.reflect.Method.invoke(Method.java:580)
at org.testng.internal.invokers.MethodInvocationHelper.invokeMethod(MethodInvocationHelper.java:141)
at org.testng.internal.invokers.TestInvoker.invokeMethod(TestInvoker.java:686)
at org.testng.internal.invokers.TestInvoker.retryFailed(TestInvoker.java:269)
at org.testng.internal.invokers.MethodRunner.runInSequence(MethodRunner.java:76)
at org.testng.internal.invokers.TestInvoker$MethodInvocationAgent.invoke(TestInvoker.java:992)
at org.testng.internal.invokers.TestInvoker.invokeTestMethods(TestInvoker.java:203)
at org.testng.internal.invokers.TestMethodWorker.invokeTestMethods(TestMethodWorker.java:154)
at org.testng.internal.invokers.TestMethodWorker.run(TestMethodWorker.java:134)
at java.base/java.util.concurrent.Executors$RunnableAdapter.call(Executors.java:572)
at java.base/java.util.concurrent.FutureTask.run(FutureTask.java:317)
at org.testng.internal.thread.graph.TestNGFutureTask.run(TestNGFutureTask.java:22)
at java.base/java.util.concurrent.ThreadPoolExecutor.runWorker(ThreadPoolExecutor.java:1144)
at java.base/java.util.concurrent.ThreadPoolExecutor$Worker.run(ThreadPoolExecutor.java:642)
at java.base/java.lang.Thread.run(Thread.java:1583)
]]>
            </full-stacktrace>
          </exception> <!-- java.lang.AssertionError -->
          <reporter-output>
          </reporter-output>
        </test-method> <!-- verifyvalidusernamevalidpassword -->
        <test-method signature="verifyinvalidusernameinvalidpassword(java.lang.String,java.lang.String)[pri:4, instance:testscript.LoginTest@72d6b3ba]" started-at="2025-10-03T11:30:36 IST" name="verifyinvalidusernameinvalidpassword" description="verify login with invalid credentials" data-provider="loginProvider" finished-at="2025-10-03T11:30:43 IST" duration-ms="7537" status="PASS">
          <params>
            <param index="0">
              <value>
                <![CDATA[user1]]>
              </value>
            </param>
            <param index="1">
              <value>
                <![CDATA[password1]]>
              </value>
            </param>
          </params>
          <reporter-output>
          </reporter-output>
        </test-method> <!-- verifyinvalidusernameinvalidpassword -->
        <test-method is-config="true" signature="browserQuitClose()[pri:0, instance:testscript.LoginTest@72d6b3ba]" started-at="2025-10-03T11:30:43 IST" name="browserQuitClose" finished-at="2025-10-03T11:30:43 IST" duration-ms="0" status="PASS">
          <reporter-output>
          </reporter-output>
        </test-method> <!-- browserQuitClose -->
        <test-method is-config="true" signature="driverQuit(org.testng.ITestResult)[pri:0, instance:testscript.LoginTest@72d6b3ba]" started-at="2025-10-03T11:30:43 IST" name="driverQuit" finished-at="2025-10-03T11:30:43 IST" duration-ms="296" status="PASS">
          <params>
            <param index="0">
              <value>
                <![CDATA[[TestResult name=verifyvalidusernamevalidpassword status=FAILURE method=LoginTest.verifyvalidusernamevalidpassword()[pri:1, instance:testscript.LoginTest@72d6b3ba] output={null}]]]>
              </value>
            </param>
          </params>
          <reporter-output>
          </reporter-output>
        </test-method> <!-- driverQuit -->
        <test-method is-config="true" signature="browserQuitClose()[pri:0, instance:testscript.LoginTest@72d6b3ba]" started-at="2025-10-03T11:30:43 IST" name="browserQuitClose" finished-at="2025-10-03T11:30:43 IST" duration-ms="3" status="PASS">
          <reporter-output>
          </reporter-output>
        </test-method> <!-- browserQuitClose -->
        <test-method is-config="true" signature="driverQuit(org.testng.ITestResult)[pri:0, instance:testscript.LoginTest@72d6b3ba]" started-at="2025-10-03T11:30:43 IST" name="driverQuit" finished-at="2025-10-03T11:30:43 IST" duration-ms="2" status="PASS">
          <params>
            <param index="0">
              <value>
                <![CDATA[[TestResult name=verifyinvalidusernameinvalidpassword status=SUCCESS method=LoginTest.verifyinvalidusernameinvalidpassword(java.lang.String,java.lang.String)[pri:4, instance:testscript.LoginTest@72d6b3ba] output={null}]]]>
              </value>
            </param>
          </params>
          <reporter-output>
          </reporter-output>
        </test-method> <!-- driverQuit -->
      </class> <!-- testscript.LoginTest -->
    </test> <!-- firefoxTest -->
  </suite> <!-- parallel -->
</testng-results>
